<?xml version="1.0" encoding="UTF-8"?>
<!-- Generated by org.testng.reporters.JUnitReportReporter -->
<testsuite name="Test.invocationTest" tests="5" time="0.020" ignored="0" failures="0" timestamp="05 Jul 2020 06:28:28 GMT" skipped="0" hostname="DESKTOP-9PJRA38" errors="0">
  <testcase name="f" time="0.011" classname="Test.invocationTest"/>
  <testcase name="f" time="0.002" classname="Test.invocationTest"/>
  <testcase name="f" time="0.002" classname="Test.invocationTest"/>
  <testcase name="f" time="0.003" classname="Test.invocationTest"/>
  <testcase name="f" time="0.002" classname="Test.invocationTest"/>
</testsuite> <!-- Test.invocationTest -->
