<?xml version="1.0" encoding="UTF-8"?>
<!-- Generated by org.testng.reporters.JUnitReportReporter -->
<testsuite name="Test.Newtest1" tests="2" time="31.337" ignored="0" failures="0" timestamp="05 Jul 2020 06:18:50 GMT" skipped="0" hostname="DESKTOP-9PJRA38" errors="0">
  <testcase name="Branches" time="16.758" classname="Test.Newtest1"/>
  <testcase name="Users" time="14.579" classname="Test.Newtest1"/>
</testsuite> <!-- Test.Newtest1 -->
