<?xml version="1.0" encoding="UTF-8"?>
<!-- Generated by org.testng.reporters.JUnitReportReporter -->
<testsuite name="Test.NewTest" tests="2" time="6.957" ignored="0" failures="0" timestamp="03 Jul 2020 16:54:21 GMT" skipped="0" hostname="DESKTOP-9PJRA38" errors="0">
  <testcase name="register" time="3.381" classname="Test.NewTest"/>
  <testcase name="signin" time="3.576" classname="Test.NewTest"/>
</testsuite> <!-- Test.NewTest -->
