<?xml version="1.0" encoding="UTF-8"?>
<!-- Generated by org.testng.reporters.JUnitReportReporter -->
<testsuite name="test.NewTest" tests="1" time="0.007" ignored="0" failures="0" timestamp="03 Jul 2020 14:42:47 GMT" skipped="0" hostname="DESKTOP-9PJRA38" errors="0">
  <testcase name="f" time="0.007" classname="test.NewTest"/>
</testsuite> <!-- test.NewTest -->
